<?xml version="1.0" encoding="UTF-8"?>
<!-- Generated by org.testng.reporters.JUnitXMLReporter -->
<testsuite hostname="DESKTOP-84BCDDP" ignored="2" name="Default test" tests="1" failures="0" timestamp="18 Sep 2017 09:06:25 GMT" time="34.022" errors="0">
  <testcase name="sampleTest" time="33.615" classname="com.way2automation.twitter.testcases.LoginTest"/>
  <testcase name="@AfterSuite testQuitDriver" time="0.0" classname="com.way2automation.twitter.core.testCore">
    <ignored/>
  </testcase> <!-- @AfterSuite testQuitDriver -->
  <testcase name="@BeforeSuite init" time="0.0" classname="com.way2automation.twitter.core.testCore">
    <ignored/>
  </testcase> <!-- @BeforeSuite init -->
</testsuite> <!-- Default test -->
