<?xml version="1.0" encoding="UTF-8"?>
<testng-results skipped="0" failed="0" ignored="0" total="1" passed="1">
  <reporter-output>
  </reporter-output>
  <suite name="Suite" duration-ms="32381" started-at="2017-09-18T07:30:12Z" finished-at="2017-09-18T07:30:45Z">
    <groups>
    </groups>
    <test name="Test" duration-ms="32381" started-at="2017-09-18T07:30:12Z" finished-at="2017-09-18T07:30:45Z">
      <class name="com.way2automation.twitter.testcases.LoginTest">
        <test-method status="PASS" signature="init()[pri:0, instance:com.way2automation.twitter.testcases.LoginTest@3e3047e6]" name="init" is-config="true" duration-ms="23593" started-at="2017-09-18T12:59:49Z" finished-at="2017-09-18T13:00:12Z">
          <reporter-output>
          </reporter-output>
        </test-method> <!-- init -->
        <test-method status="PASS" signature="checkRunMode()[pri:0, instance:com.way2automation.twitter.testcases.LoginTest@3e3047e6]" name="checkRunMode" is-config="true" duration-ms="49" started-at="2017-09-18T13:00:12Z" finished-at="2017-09-18T13:00:12Z">
          <reporter-output>
          </reporter-output>
        </test-method> <!-- checkRunMode -->
        <test-method status="PASS" signature="sampleTest(java.lang.String, java.lang.String)[pri:0, instance:com.way2automation.twitter.testcases.LoginTest@3e3047e6]" name="sampleTest" duration-ms="32304" started-at="2017-09-18T13:00:12Z" data-provider="getData" finished-at="2017-09-18T13:00:45Z">
          <params>
            <param index="0">
              <value>
                <![CDATA[MohanSenthil228]]>
              </value>
            </param>
            <param index="1">
              <value>
                <![CDATA[Nehasenthil2208]]>
              </value>
            </param>
          </params>
          <reporter-output>
          </reporter-output>
        </test-method> <!-- sampleTest -->
        <test-method status="PASS" signature="testQuitDriver()[pri:0, instance:com.way2automation.twitter.testcases.LoginTest@3e3047e6]" name="testQuitDriver" is-config="true" duration-ms="0" started-at="2017-09-18T13:00:45Z" finished-at="2017-09-18T13:00:45Z">
          <reporter-output>
          </reporter-output>
        </test-method> <!-- testQuitDriver -->
      </class> <!-- com.way2automation.twitter.testcases.LoginTest -->
    </test> <!-- Test -->
  </suite> <!-- Suite -->
</testng-results>
