<?xml version="1.0" encoding="UTF-8"?>
<testng-results skipped="0" failed="0" ignored="2" total="3" passed="1">
  <reporter-output>
  </reporter-output>
  <suite name="Default suite" duration-ms="34022" started-at="2017-09-18T09:05:50Z" finished-at="2017-09-18T09:06:24Z">
    <groups>
    </groups>
    <test name="Default test" duration-ms="34022" started-at="2017-09-18T09:05:50Z" finished-at="2017-09-18T09:06:24Z">
      <class name="com.way2automation.twitter.core.testCore">
        <test-method status="PASS" signature="init()[pri:0, instance:com.way2automation.twitter.core.testCore@236e3f4e]" name="init" is-config="true" duration-ms="32195" started-at="2017-09-18T14:35:18Z" finished-at="2017-09-18T14:35:50Z">
          <reporter-output>
          </reporter-output>
        </test-method> <!-- init -->
        <test-method status="PASS" signature="testQuitDriver()[pri:0, instance:com.way2automation.twitter.core.testCore@236e3f4e]" name="testQuitDriver" is-config="true" duration-ms="1" started-at="2017-09-18T14:36:25Z" finished-at="2017-09-18T14:36:25Z">
          <reporter-output>
          </reporter-output>
        </test-method> <!-- testQuitDriver -->
      </class> <!-- com.way2automation.twitter.core.testCore -->
      <class name="com.way2automation.twitter.testcases.LoginTest">
        <test-method status="PASS" signature="checkRunMode()[pri:0, instance:com.way2automation.twitter.testcases.LoginTest@3cc1435c]" name="checkRunMode" is-config="true" duration-ms="357" started-at="2017-09-18T14:35:50Z" finished-at="2017-09-18T14:35:50Z">
          <reporter-output>
          </reporter-output>
        </test-method> <!-- checkRunMode -->
        <test-method status="PASS" signature="sampleTest(java.lang.String, java.lang.String)[pri:0, instance:com.way2automation.twitter.testcases.LoginTest@3cc1435c]" name="sampleTest" duration-ms="33615" started-at="2017-09-18T14:35:50Z" data-provider="getData" finished-at="2017-09-18T14:36:24Z">
          <params>
            <param index="0">
              <value>
                <![CDATA[MohanSenthil228]]>
              </value>
            </param>
            <param index="1">
              <value>
                <![CDATA[Nehasenthil2208]]>
              </value>
            </param>
          </params>
          <reporter-output>
          </reporter-output>
        </test-method> <!-- sampleTest -->
      </class> <!-- com.way2automation.twitter.testcases.LoginTest -->
    </test> <!-- Default test -->
  </suite> <!-- Default suite -->
</testng-results>
